<?xml version="1.0" encoding="UTF-8"?>
<!-- Generated by org.testng.reporters.JUnitReportReporter -->
<testsuite hostname="DESKTOP-H8T31KO" failures="0" tests="1" name="Runner.TestNGCucumberRunner" time="19.588" errors="0" timestamp="2025-02-01T13:55:56 IST" skipped="0">
  <testcase classname="Runner.TestNGCucumberRunner" name="runScenario" time="19.588"/>
</testsuite> <!-- Runner.TestNGCucumberRunner -->
